2020-02-04 23:17:25,660  -> INFO: 启动
2020-02-04 23:17:26,742  -> INFO: Getting uuid of QR code.
2020-02-04 23:17:27,100  -> INFO: Downloading QR code.
2020-02-04 23:17:27,377  -> INFO: Please scan the QR code to log in.
2020-02-04 23:17:37,058  -> INFO: Please press confirm on your phone.
2020-02-04 23:17:42,579  -> INFO: Loading the contact, this may take a little while.
2020-02-04 23:17:45,271  -> INFO: Login successfully as 生鱼
2020-02-04 23:17:45,279  -> INFO: <Bot: 生鱼>: started
2020-02-04 23:17:45,279  -> INFO: <Bot: 生鱼>: updating groups
2020-02-04 23:17:46,708  -> INFO: updating <Group: 555五五五> (members_details=False)
2020-02-04 23:17:47,120  -> INFO: updating <Group: 中产之路3群> (members_details=False)
2020-02-04 23:17:48,202  -> INFO: updating <Group: 快乐的一家> (members_details=False)
2020-02-04 23:17:48,687  -> INFO: updating <Group: CVer微信4群> (members_details=False)
2020-02-04 23:17:49,512  -> INFO: updating <Group: 宽带接入技术> (members_details=False)
2020-02-04 23:17:50,002  -> INFO: updating <Group: 东南大学多媒体所：在读> (members_details=False)
2020-02-04 23:17:50,367  -> INFO: updating <Group: 南湖重庆> (members_details=False)
2020-02-04 23:17:50,754  -> INFO: updating <Group: 自强新空气> (members_details=False)
2020-02-04 23:17:51,141  -> INFO: updating <Group: 勤工一家亲> (members_details=False)
2020-02-04 23:17:51,455  -> INFO: updating <Group: 16级35期入党积极分子> (members_details=False)
2020-02-04 23:17:51,888  -> INFO: updating <Group: 六公寓宿管群> (members_details=False)
2020-02-04 23:17:52,477  -> INFO: updating <Group: 图像组> (members_details=False)
2020-02-04 23:17:52,733  -> INFO: updating <Group: 52CV-医学影像> (members_details=False)
2020-02-04 23:17:53,529  -> INFO: updating <Group: 201620班> (members_details=False)
2020-02-04 23:18:25,966  -> INFO: msg:ass ♂ we ♂ can
2020-02-04 23:18:25,972  -> INFO: group_names:555五五五
2020-02-04 23:18:25,978  -> INFO: send_time:23
2020-02-04 23:18:25,978  -> INFO: 确认时间
2020-02-04 23:18:25,978  -> INFO: 开始发送到：555五五五
2020-02-04 23:18:25,997  -> INFO: sending msg to <Group: 555五五五>:
ass ♂ we ♂ can
2020-02-04 23:18:26,278  -> INFO: 发送完毕，24小时后再次确认时间自动发送
